<?xml version="1.0" encoding="UTF-8"?>
<!-- Generated by org.testng.reporters.JUnitReportReporter -->
<testsuite hostname="DESKTOP-H0PI4DT" failures="0" tests="1" name="javascriptExample.MyntraExample" time="0.214" errors="0" timestamp="2023-02-28T14:52:26 IST" skipped="0">
  <testcase classname="javascriptExample.MyntraExample" name="verifyAmazonScreenshot" time="0.214"/>
</testsuite> <!-- javascriptExample.MyntraExample -->
