<?xml version="1.0" encoding="UTF-8"?>
<!-- Generated by org.testng.reporters.JUnitReportReporter -->
<testsuite hostname="DESKTOP-H0PI4DT" failures="0" tests="1" name="ibm_tests.LoginTest" time="15.679" errors="0" timestamp="2023-03-03T16:21:41 IST" skipped="0">
  <testcase classname="ibm_tests.LoginTest" name="verifyLogin" time="15.679"/>
</testsuite> <!-- ibm_tests.LoginTest -->
