<?xml version="1.0" encoding="UTF-8"?>
<!-- Generated by org.testng.reporters.JUnitReportReporter -->
<testsuite hostname="DESKTOP-H0PI4DT" failures="0" tests="1" name="screenshotExample.AmazonSearchItems" time="4.578" errors="0" timestamp="2023-02-27T15:26:38 IST" skipped="0">
  <testcase classname="screenshotExample.AmazonSearchItems" name="verifyAmazonScreenshot" time="4.578"/>
</testsuite> <!-- screenshotExample.AmazonSearchItems -->
