<?xml version="1.0" encoding="UTF-8"?>
<!-- Generated by org.testng.reporters.JUnitReportReporter -->
<testsuite hostname="DESKTOP-H0PI4DT" failures="0" tests="1" name="unitTestExample.LoginTest_TestNG" time="0.007" errors="0" timestamp="2023-02-22T15:43:16 IST" skipped="0">
  <testcase classname="unitTestExample.LoginTest_TestNG" name="verifyLogin" time="0.007"/>
</testsuite> <!-- unitTestExample.LoginTest_TestNG -->
