<?xml version="1.0" encoding="UTF-8"?>
<!-- Generated by org.testng.reporters.JUnitReportReporter -->
<testsuite hostname="DESKTOP-H0PI4DT" failures="0" tests="2" name="testNGAnnotationExample.AnnotationExample" time="0.013" errors="0" timestamp="2023-02-28T16:11:26 IST" skipped="0">
  <testcase classname="testNGAnnotationExample.AnnotationExample" name="login" time="0.010"/>
  <testcase classname="testNGAnnotationExample.AnnotationExample" name="logout" time="0.003"/>
</testsuite> <!-- testNGAnnotationExample.AnnotationExample -->
