<?xml version="1.0" encoding="UTF-8"?>
<!-- Generated by org.testng.reporters.JUnitReportReporter -->
<testsuite hostname="DESKTOP-H0PI4DT" failures="0" tests="1" name="xpathExample.Amazon_SeeMoreExample" time="4.807" errors="0" timestamp="2023-03-01T14:38:47 IST" skipped="0">
  <testcase classname="xpathExample.Amazon_SeeMoreExample" name="verifyAmazonScreenshot" time="4.807"/>
</testsuite> <!-- xpathExample.Amazon_SeeMoreExample -->
