<?xml version="1.0" encoding="UTF-8"?>
<!-- Generated by org.testng.reporters.JUnitReportReporter -->
<testsuite hostname="DESKTOP-H0PI4DT" failures="0" tests="1" name="xpathExample.XPATHAxisExample" time="1.527" errors="0" timestamp="2023-03-01T14:49:23 IST" skipped="0">
  <testcase classname="xpathExample.XPATHAxisExample" name="verifyAmazonScreenshot" time="1.527"/>
</testsuite> <!-- xpathExample.XPATHAxisExample -->
