<?xml version="1.0" encoding="UTF-8"?>
<!-- Generated by org.testng.reporters.JUnitReportReporter -->
<testsuite hostname="DESKTOP-H0PI4DT" failures="0" tests="1" name="unitTestExample.LoginTest_Junit" time="0.015" errors="0" timestamp="2023-02-22T15:39:55 IST" skipped="0">
  <testcase classname="unitTestExample.LoginTest_Junit" name="verifyLogin" time="0.015"/>
</testsuite> <!-- unitTestExample.LoginTest_Junit -->
