<?xml version="1.0" encoding="UTF-8"?>
<!-- Generated by org.testng.reporters.JUnitReportReporter -->
<testsuite hostname="DESKTOP-H0PI4DT" failures="0" tests="1" name="rutoExample.AmazonCreateWishList" time="0.456" errors="0" timestamp="2023-03-03T15:21:22 IST" skipped="0">
  <testcase classname="rutoExample.AmazonCreateWishList" name="verifyLogin" time="0.456"/>
</testsuite> <!-- rutoExample.AmazonCreateWishList -->
