<?xml version="1.0" encoding="UTF-8"?>
<!-- Generated by org.testng.reporters.JUnitReportReporter -->
<testsuite hostname="DESKTOP-H0PI4DT" failures="0" tests="1" name="locatorExample.LoginTest_TestNG" time="25.997" errors="0" timestamp="2023-02-22T16:10:38 IST" skipped="0">
  <testcase classname="locatorExample.LoginTest_TestNG" name="verifyLogin" time="25.997"/>
</testsuite> <!-- locatorExample.LoginTest_TestNG -->
