<?xml version="1.0" encoding="UTF-8"?>
<!-- Generated by org.testng.reporters.JUnitReportReporter -->
<testsuite hostname="DESKTOP-H0PI4DT" failures="0" tests="4" name="dataDrivenTest.NOPCOmmApplication" time="35.952" errors="0" timestamp="2023-03-01T16:01:01 IST" skipped="0">
  <testcase classname="dataDrivenTest.NOPCOmmApplication" name="verifyLoginWithInVaidCred" time="8.677"/>
  <testcase classname="dataDrivenTest.NOPCOmmApplication" name="verifyLoginWithInVaidCred" time="9.807"/>
  <testcase classname="dataDrivenTest.NOPCOmmApplication" name="verifyLoginWithInVaidCred" time="8.449"/>
  <testcase classname="dataDrivenTest.NOPCOmmApplication" name="verifyLoginWithInVaidCred" time="9.019"/>
</testsuite> <!-- dataDrivenTest.NOPCOmmApplication -->
