<?xml version="1.0" encoding="UTF-8"?>
<!-- Generated by org.testng.reporters.JUnitReportReporter -->
<testsuite hostname="DESKTOP-H0PI4DT" failures="0" tests="1" name="exercise.AmazonSearchItems" time="0.705" errors="0" timestamp="2023-02-28T15:39:33 IST" skipped="0">
  <testcase classname="exercise.AmazonSearchItems" name="verifyAmazonScreenshot" time="0.705"/>
</testsuite> <!-- exercise.AmazonSearchItems -->
