<?xml version="1.0" encoding="UTF-8"?>
<!-- Generated by org.testng.reporters.JUnitReportReporter -->
<testsuite hostname="DESKTOP-H0PI4DT" failures="0" tests="1" name="logExample.NOPCommLogin" time="6.316" errors="0" timestamp="2023-02-27T16:01:16 IST" skipped="0">
  <testcase classname="logExample.NOPCommLogin" name="verifyLoginWithValidCrednetails" time="6.316"/>
</testsuite> <!-- logExample.NOPCommLogin -->
