<?xml version="1.0" encoding="UTF-8"?>
<!-- Generated by org.testng.reporters.JUnitReportReporter -->
<testsuite hostname="DESKTOP-H0PI4DT" failures="0" tests="1" name="exercise.ModalExample" time="1.473" errors="0" timestamp="2023-02-28T15:42:53 IST" skipped="0">
  <testcase classname="exercise.ModalExample" name="verifyAmazonScreenshot" time="1.473"/>
</testsuite> <!-- exercise.ModalExample -->
