<?xml version="1.0" encoding="UTF-8"?>
<!-- Generated by org.testng.reporters.JUnitReportReporter -->
<testsuite hostname="DESKTOP-H0PI4DT" failures="0" tests="2" name="crossBrowserTest.NOPCommLoginTestNG" time="93.922" errors="0" timestamp="2023-02-28T16:23:18 IST" skipped="0">
  <testcase classname="crossBrowserTest.NOPCommLoginTestNG" name="verifyLogin" time="45.938"/>
  <testcase classname="crossBrowserTest.NOPCommLoginTestNG" name="verifyLogin" time="47.984"/>
</testsuite> <!-- crossBrowserTest.NOPCommLoginTestNG -->
