<?xml version="1.0" encoding="UTF-8"?>
<!-- Generated by org.testng.reporters.JUnitReportReporter -->
<testsuite hostname="DESKTOP-H0PI4DT" failures="0" tests="1" name="actionExample.DragDropExample" time="4.260" errors="0" timestamp="2023-03-03T14:49:31 IST" skipped="0">
  <testcase classname="actionExample.DragDropExample" name="dragDropTest" time="4.260"/>
</testsuite> <!-- actionExample.DragDropExample -->
