<?xml version="1.0" encoding="UTF-8"?>
<!-- Generated by org.testng.reporters.JUnitReportReporter -->
<testsuite hostname="DESKTOP-H0PI4DT" failures="0" tests="5" name="testNGAnnotationExample.AmazonExample" time="0.019" errors="0" timestamp="2023-03-01T15:34:27 IST" skipped="0">
  <testcase classname="testNGAnnotationExample.AmazonExample" name="login" time="0.008"/>
  <testcase classname="testNGAnnotationExample.AmazonExample" name="addItems" time="0.007"/>
  <testcase classname="testNGAnnotationExample.AmazonExample" name="payment" time="0.002"/>
  <testcase classname="testNGAnnotationExample.AmazonExample" name="cancelOrder" time="0.001"/>
  <testcase classname="testNGAnnotationExample.AmazonExample" name="logout" time="0.001"/>
</testsuite> <!-- testNGAnnotationExample.AmazonExample -->
