<?xml version="1.0" encoding="UTF-8"?>
<!-- Generated by org.testng.reporters.JUnitReportReporter -->
<testsuite hostname="DESKTOP-H0PI4DT" failures="0" tests="1" name="syncExample.HandleAlertExample" time="11.849" errors="0" timestamp="2023-02-27T15:05:31 IST" skipped="0">
  <testcase classname="syncExample.HandleAlertExample" name="verifyConfirmAlert" time="11.849"/>
</testsuite> <!-- syncExample.HandleAlertExample -->
