<?xml version="1.0" encoding="UTF-8"?>
<!-- Generated by org.testng.reporters.JUnitReportReporter -->
<testsuite hostname="DESKTOP-H0PI4DT" failures="0" tests="2" name="frameExample.PayTMFrameExample" time="1.352" errors="0" timestamp="2023-02-28T16:11:26 IST" skipped="1">
  <testcase classname="frameExample.PayTMFrameExample" name="verifyPayTMFrame" time="1.352"/>
  <testcase classname="frameExample.PayTMFrameExample" name="verifyPayTMFrame2">
    <skipped/>
  </testcase> <!-- verifyPayTMFrame2 -->
</testsuite> <!-- frameExample.PayTMFrameExample -->
