<?xml version="1.0" encoding="UTF-8"?>
<!-- Generated by org.testng.reporters.JUnitReportReporter -->
<testsuite hostname="DESKTOP-H0PI4DT" failures="0" tests="1" name="excelFileExample.RegisterStudentExcelTest" time="54.064" errors="0" timestamp="2023-03-09T16:15:52 IST" skipped="0">
  <testcase classname="excelFileExample.RegisterStudentExcelTest" name="RegistrationDataDrivernTest" time="54.064"/>
</testsuite> <!-- excelFileExample.RegisterStudentExcelTest -->
